app/build/outputs/mapping/release/seeds.txt
co.nilman.app.twa.LauncherActivity: LauncherActivity()
co.nilman.app.twa.DelegationService: DelegationService()
co.nilman.app.twa.Application: Application()
co.nilman.app.twa.LauncherActivity
co.nilman.app.twa.DelegationService
co.nilman.app.twa.Application
...
androidx.core.graphics.drawable.IconCompat: IconCompat()
android.support.v4.graphics.drawable.IconCompatParcelizer: void write(androidx.core.graphics.drawable.IconCompat,androidx.versionedparcelable.VersionedParcel)
androidx.lifecycle.Lifecycle$Event: androidx.lifecycle.Lifecycle$Event ON_ANY
com.google.android.gms.common.internal.TelemetryData: android.os.Parcelable$Creator CREATOR
androidx.versionedparcelable.ParcelImpl
androidx.loader.app.LoaderManagerImpl$LoaderViewModel
androidx.lifecycle.Lifecycle$State: androidx.lifecycle.Lifecycle$State[] values()
com.google.android.gms.dynamite.DynamiteModule$DynamiteLoaderClassLoader: DynamiteModule$DynamiteLoaderClassLoader()
com.google.android.gms.signin.internal.zai: android.os.Parcelable$Creator CREATOR
com.google.android.gms.internal.location.zzd: android.os.Parcelable$Creator CREATOR
com.google.androidbrowserhelper.trusted.ManageDataLauncherActivity: ManageDataLauncherActivity()
androidx.lifecycle.Lifecycle$Event: androidx.lifecycle.Lifecycle$Event[] values()
android.support.v4.app.RemoteActionCompatParcelizer
androidx.fragment.app.FragmentState: android.os.Parcelable$Creator CREATOR
com.google.android.gms.signin.internal.zaa: android.os.Parcelable$Creator CREATOR
com.google.android.gms.common.internal.RootTelemetryConfiguration: android.os.Parcelable$Creator CREATOR
androidx.core.app.RemoteActionCompat
com.google.android.gms.location.LocationResult: android.os.Parcelable$Creator CREATOR
com.google.android.gms.dynamite.DynamiteModule$DynamiteLoaderClassLoader: java.lang.ClassLoader sClassLoader
com.google.androidbrowserhelper.trusted.DelegationService: DelegationService()
androidx.core.app.RemoteActionCompatParcelizer
com.google.android.gms.common.util.DynamiteApi
androidx.versionedparcelable.CustomVersionedParcelable: CustomVersionedParcelable()
android.support.v4.app.RemoteActionCompatParcelizer: RemoteActionCompatParcelizer()
com.google.android.gms.common.internal.GetServiceRequest: android.os.Parcelable$Creator CREATOR
com.google.android.gms.internal.location.zzdb: android.os.Parcelable$Creator CREATOR
com.google.androidbrowserhelper.trusted.NotificationPermissionRequestActivity
android.support.v4.app.RemoteActionCompatParcelizer: void write(androidx.core.app.RemoteActionCompat,androidx.versionedparcelable.VersionedParcel)
com.google.android.gms.common.internal.zat: android.os.Parcelable$Creator CREATOR
com.google.android.gms.common.ConnectionResult: android.os.Parcelable$Creator CREATOR
androidx.core.graphics.drawable.IconCompatParcelizer: IconCompatParcelizer()
com.google.android.gms.common.internal.zzj: android.os.Parcelable$Creator CREATOR
com.google.androidbrowserhelper.trusted.FocusActivity: FocusActivity()
androidx.lifecycle.CompositeGeneratedAdaptersObserver
android.support.v4.app.RemoteActionCompatParcelizer: androidx.core.app.RemoteActionCompat read(androidx.versionedparcelable.VersionedParcel)
androidx.core.content.FileProvider
androidx.browser.trusted.TrustedWebActivityService: TrustedWebActivityService()
com.google.android.gms.common.api.GoogleApiActivity: GoogleApiActivity()
com.google.androidbrowserhelper.locationdelegation.PermissionRequestActivity
com.google.androidbrowserhelper.trusted.ManageDataLauncherActivity
androidx.core.app.RemoteActionCompat: RemoteActionCompat()
androidx.lifecycle.LiveData$LifecycleBoundObserver
androidx.lifecycle.Lifecycle$Event: androidx.lifecycle.Lifecycle$Event ON_CREATE
com.google.android.gms.common.Feature: android.os.Parcelable$Creator CREATOR
com.google.android.gms.common.api.Status: android.os.Parcelable$Creator CREATOR
androidx.core.content.FileProvider: FileProvider()
com.google.android.gms.location.zzac: android.os.Parcelable$Creator CREATOR
androidx.lifecycle.Lifecycle$Event: androidx.lifecycle.Lifecycle$Event ON_RESUME
com.google.androidbrowserhelper.trusted.NotificationPermissionRequestActivity: NotificationPermissionRequestActivity()