app/build/outputs/mapping/release/mapping.txt
# compiler: R8
# compiler_version: 2.1.86
# min_api: 19
# pg_map_id: a21c85e
# common_typos_disable
co.nilman.app.twa.LauncherActivity -> co.nilman.app.twa.LauncherActivity:
    android.net.Uri getLaunchingUrl() -> g
...
com.google.android.gms.common.api.Api$AbstractClientBuilder -> com.google.android.gms.common.api.a$a:
    com.google.android.gms.common.api.Api$Client buildClient(android.content.Context,android.os.Looper,com.google.android.gms.common.internal.ClientSettings,java.lang.Object,com.google.android.gms.common.api.GoogleApiClient$ConnectionCallbacks,com.google.android.gms.common.api.GoogleApiClient$OnConnectionFailedListener) -> a
    com.google.android.gms.common.api.Api$Client buildClient(android.content.Context,android.os.Looper,com.google.android.gms.common.internal.ClientSettings,java.lang.Object,com.google.android.gms.common.api.internal.ConnectionCallbacks,com.google.android.gms.common.api.internal.OnConnectionFailedListener) -> b
com.google.android.gms.common.api.Api$AnyClient -> com.google.android.gms.common.api.a$b:
com.google.android.gms.common.api.Api$AnyClientKey -> com.google.android.gms.common.api.a$c:
com.google.android.gms.common.api.Api$ApiOptions -> com.google.android.gms.common.api.a$d:
    com.google.android.gms.common.api.Api$ApiOptions$NoOptions NO_OPTIONS -> a
com.google.android.gms.common.api.Api$ApiOptions$HasAccountOptions -> com.google.android.gms.common.api.a$d$a:
    android.accounts.Account getAccount() -> a
com.google.android.gms.common.api.Api$ApiOptions$HasGoogleSignInAccountOptions -> com.google.android.gms.common.api.a$d$b:
    com.google.android.gms.auth.api.signin.GoogleSignInAccount getGoogleSignInAccount() -> b
com.google.android.gms.common.api.Api$ApiOptions$NoOptions -> com.google.android.gms.common.api.a$d$c:
com.google.android.gms.common.api.Api$BaseClientBuilder -> com.google.android.gms.common.api.a$e:
com.google.android.gms.common.api.Api$Client -> com.google.android.gms.common.api.a$f:
    void onUserSignOut(com.google.android.gms.common.internal.BaseGmsClient$SignOutCallbacks) -> a
    void connect(com.google.android.gms.common.internal.BaseGmsClient$ConnectionProgressReportCallbacks) -> b
    boolean isConnecting() -> c
    com.google.android.gms.common.Feature[] getAvailableFeatures() -> d
    boolean isConnected() -> e
    void disconnect() -> f
    void disconnect(java.lang.String) -> g
    java.lang.String getEndpointPackageName() -> h
    boolean requiresSignIn() -> i
    boolean requiresGooglePlayServices() -> k
    java.lang.String getLastDisconnectMessage() -> l
    java.util.Set getScopesForConnectionlessNonSignIn() -> m
    void getRemoteService(com.google.android.gms.common.internal.IAccountAccessor,java.util.Set) -> n
    int getMinApkVersion() -> p
com.google.android.gms.common.api.Api$ClientKey -> com.google.android.gms.common.api.a$g:
com.google.android.gms.common.api.ApiException -> com.google.android.gms.common.api.b:
    com.google.android.gms.common.api.Status mStatus -> a
    com.google.android.gms.common.api.Status getStatus() -> a
com.google.android.gms.common.api.AvailabilityException -> com.google.android.gms.common.api.c:
    androidx.collection.ArrayMap zaa -> a
com.google.android.gms.common.api.CommonStatusCodes -> com.google.android.gms.common.api.d:
    java.lang.String getStatusCodeString(int) -> a