app/build/outputs/mapping/release/usage.txt
co.nilman.app.twa.R$styleable
co.nilman.app.twa.R$layout
co.nilman.app.twa.R$string
co.nilman.app.twa.R$bool
co.nilman.app.twa.R$style
co.nilman.app.twa.R
co.nilman.app.twa.R$mipmap
co.nilman.app.twa.R$drawable
co.nilman.app.twa.BuildConfig
co.nilman.app.twa.R$raw
co.nilman.app.twa.R$attr
co.nilman.app.twa.R$id
co.nilman.app.twa.R$xml
co.nilman.app.twa.R$integer
co.nilman.app.twa.R$dimen
co.nilman.app.twa.R$color
...
androidx.core.app.NotificationCompat$Action$Builder
com.google.android.gms.internal.location.zzdw
com.google.android.gms.internal.location.zzbd
androidx.browser.browseractions.BrowserActionsFallbackMenuDialog
com.google.android.gms.common.GoogleApiAvailabilityLight:
    public static com.google.android.gms.common.GoogleApiAvailabilityLight getInstance()
    public int getApkVersion(android.content.Context)
    public int getClientVersion(android.content.Context)
    public android.content.Intent getErrorResolutionIntent(int)
    public void cancelAvailabilityErrorNotifications(android.content.Context)
    public void verifyGooglePlayServicesIsAvailable(android.content.Context,int)
    public boolean isPlayServicesPossiblyUpdating(android.content.Context,int)
    public boolean isPlayStorePossiblyUpdating(android.content.Context,int)
    public static final java.lang.String GOOGLE_PLAY_SERVICES_PACKAGE
    public static final java.lang.String GOOGLE_PLAY_STORE_PACKAGE
    static final java.lang.String TRACKING_SOURCE_DIALOG
    static final java.lang.String TRACKING_SOURCE_NOTIFICATION
com.google.android.gms.location.CurrentLocationRequest
androidx.core.os.UserManagerCompat
com.google.android.gms.common.data.EntityBuffer
androidx.core.util.AtomicFile
androidx.lifecycle.LiveData:
    public void observeForever(androidx.lifecycle.Observer)
    public void removeObservers(androidx.lifecycle.LifecycleOwner)
    protected void postValue(java.lang.Object)
    int getVersion()
    public boolean hasObservers()
    static final int START_VERSION
androidx.annotation.CallSuper
com.google.android.gms.common.internal.zae
androidx.loader.R$layout
androidx.core.view.ViewPropertyAnimatorCompat$1
androidx.legacy.coreui.R$dimen
com.google.android.gms.auth.api.signin.GoogleSignInOptionsExtension
com.google.android.gms.location.zzag
androidx.customview.widget.ExploreByTouchHelper$MyNodeProvider
com.google.android.gms.common.internal.service.zaj
com.google.android.gms.common.server.FavaDiagnosticsEntity
androidx.core.app.ShareCompat$IntentBuilder
androidx.viewpager.widget.ViewPager$OnPageChangeListener
com.google.android.gms.dynamite.zzf
androidx.core.app.SharedElementCallback$OnSharedElementsReadyListener
com.google.android.gms.internal.location.zzbq
androidx.core.view.MenuCompat
com.google.android.gms.common.internal.TelemetryLogging:
    private void <init>()
com.google.android.gms.tasks.zzm
com.google.android.gms.common.internal.zzaa
androidx.core.view.MenuItemCompat
androidx.concurrent.futures.AbstractResolvableFuture
androidx.loader.content.Loader$OnLoadCompleteListener:
    public abstract void onLoadComplete(androidx.loader.content.Loader,java.lang.Object)
androidx.asynclayoutinflater.view.AsyncLayoutInflater
androidx.core.view.GestureDetectorCompat$GestureDetectorCompatImplBase
android.support.customtabs.IPostMessageService$Stub$Proxy
androidx.lifecycle.Transformations
androidx.swiperefreshlayout.R$layout
com.google.android.gms.signin.internal.zac:
    public void zab(com.google.android.gms.signin.internal.zak)
androidx.customview.R$integer
com.google.android.gms.common.util.Base64Utils
androidx.core.widget.AutoSizeableTextView
com.google.android.gms.common.api.internal.zzd:
    public final boolean isCreated()
    public final boolean isStarted()
androidx.browser.browseractions.BrowserActionsIntent
androidx.core.app.TaskStackBuilder
com.google.android.gms.common.moduleinstall.internal.zar
androidx.versionedparcelable.VersionedParcelStream
androidx.core.view.inputmethod.EditorInfoCompat
com.google.common.util.concurrent.ListenableFuture
com.google.android.gms.common.AccountPicker$AccountChooserOptions$Builder
com.google.android.gms.internal.location.zzcc:
    public final com.google.android.gms.common.api.PendingResult checkLocationSettings(com.google.android.gms.common.api.GoogleApiClient,com.google.android.gms.location.LocationSettingsRequest)
com.google.android.gms.location.ActivityTransitionResult
androidx.slidingpanelayout.R$integer